<?xml version="1.0" encoding="UTF-8"?>
<robot generator="Robot 3.2.1 (Python 3.8.5 on win32)" generated="20200819 15:52:58.003" rpa="false">
<suite id="s1" name="Robot-Framework-py3" source="C:\Users\zahed\eclipse-workspace\Robot-Framework-py3\Robot-Framework-py3">
<suite id="s1-s1" name="testCases" source="C:\Users\zahed\eclipse-workspace\Robot-Framework-py3\Robot-Framework-py3\testCases">
<suite id="s1-s1-s1" name="homeTest" source="C:\Users\zahed\eclipse-workspace\Robot-Framework-py3\Robot-Framework-py3\testCases\homeTest.robot">
<kw name="Log To Console" library="BuiltIn" type="setup">
<doc>Logs the given message to the console.</doc>
<arguments>
<arg>Test Started</arg>
</arguments>
<status status="PASS" starttime="20200819 15:52:58.371" endtime="20200819 15:52:58.373"></status>
</kw>
<test id="s1-s1-s1-t1" name="Untitled Test Case">
<kw name="Key Get XML Value" library="user_Keywords">
<kw name="Parse Xml" library="XML">
<doc>Parses the given XML file or string into an element structure.</doc>
<arguments>
<arg>${xml}</arg>
</arguments>
<assign>
<var>${value}</var>
</assign>
<msg timestamp="20200819 15:52:58.374" level="INFO">${value} = &lt;Element 'user' at 0x00000237A1A56D60&gt;</msg>
<status status="PASS" starttime="20200819 15:52:58.373" endtime="20200819 15:52:58.374"></status>
</kw>
<kw name="${value} IN [ @{value} ]" type="for">
<kw name="${value} = &lt;Element 'username' at 0x00000237A1A56DB0&gt;" type="foritem">
<kw name="Create Dictionary" library="BuiltIn">
<doc>Creates and returns a dictionary based on the given ``items``.</doc>
<arguments>
<arg>${value.tag}</arg>
<arg>${value.text}</arg>
</arguments>
<assign>
<var>${dict}</var>
</assign>
<msg timestamp="20200819 15:52:58.376" level="INFO">${dict} = {'username': 'zahed3795@mail.com'}</msg>
<status status="PASS" starttime="20200819 15:52:58.374" endtime="20200819 15:52:58.376"></status>
</kw>
<kw name="Get Dictionary Values" library="Collections">
<doc>Returns values of the given ``dictionary`` as a list.</doc>
<arguments>
<arg>${dict}</arg>
<arg>browser</arg>
</arguments>
<assign>
<var>${b}</var>
</assign>
<msg timestamp="20200819 15:52:58.377" level="INFO">${b} = ['zahed3795@mail.com']</msg>
<status status="PASS" starttime="20200819 15:52:58.376" endtime="20200819 15:52:58.377"></status>
</kw>
<kw name="Log To Console" library="BuiltIn">
<doc>Logs the given message to the console.</doc>
<arguments>
<arg>${b}</arg>
</arguments>
<status status="PASS" starttime="20200819 15:52:58.377" endtime="20200819 15:52:58.377"></status>
</kw>
<status status="PASS" starttime="20200819 15:52:58.374" endtime="20200819 15:52:58.377"></status>
</kw>
<kw name="${value} = &lt;Element 'password' at 0x00000237A1A56E50&gt;" type="foritem">
<kw name="Create Dictionary" library="BuiltIn">
<doc>Creates and returns a dictionary based on the given ``items``.</doc>
<arguments>
<arg>${value.tag}</arg>
<arg>${value.text}</arg>
</arguments>
<assign>
<var>${dict}</var>
</assign>
<msg timestamp="20200819 15:52:58.377" level="INFO">${dict} = {'password': 'Charlie3795@'}</msg>
<status status="PASS" starttime="20200819 15:52:58.377" endtime="20200819 15:52:58.379"></status>
</kw>
<kw name="Get Dictionary Values" library="Collections">
<doc>Returns values of the given ``dictionary`` as a list.</doc>
<arguments>
<arg>${dict}</arg>
<arg>browser</arg>
</arguments>
<assign>
<var>${b}</var>
</assign>
<msg timestamp="20200819 15:52:58.379" level="INFO">${b} = ['Charlie3795@']</msg>
<status status="PASS" starttime="20200819 15:52:58.379" endtime="20200819 15:52:58.379"></status>
</kw>
<kw name="Log To Console" library="BuiltIn">
<doc>Logs the given message to the console.</doc>
<arguments>
<arg>${b}</arg>
</arguments>
<status status="PASS" starttime="20200819 15:52:58.379" endtime="20200819 15:52:58.380"></status>
</kw>
<status status="PASS" starttime="20200819 15:52:58.377" endtime="20200819 15:52:58.380"></status>
</kw>
<kw name="${value} = &lt;Element 'browser' at 0x00000237A1A56EA0&gt;" type="foritem">
<kw name="Create Dictionary" library="BuiltIn">
<doc>Creates and returns a dictionary based on the given ``items``.</doc>
<arguments>
<arg>${value.tag}</arg>
<arg>${value.text}</arg>
</arguments>
<assign>
<var>${dict}</var>
</assign>
<msg timestamp="20200819 15:52:58.381" level="INFO">${dict} = {'browser': 'chrome'}</msg>
<status status="PASS" starttime="20200819 15:52:58.380" endtime="20200819 15:52:58.381"></status>
</kw>
<kw name="Get Dictionary Values" library="Collections">
<doc>Returns values of the given ``dictionary`` as a list.</doc>
<arguments>
<arg>${dict}</arg>
<arg>browser</arg>
</arguments>
<assign>
<var>${b}</var>
</assign>
<msg timestamp="20200819 15:52:58.381" level="INFO">${b} = ['chrome']</msg>
<status status="PASS" starttime="20200819 15:52:58.381" endtime="20200819 15:52:58.382"></status>
</kw>
<kw name="Log To Console" library="BuiltIn">
<doc>Logs the given message to the console.</doc>
<arguments>
<arg>${b}</arg>
</arguments>
<status status="PASS" starttime="20200819 15:52:58.382" endtime="20200819 15:52:58.382"></status>
</kw>
<status status="PASS" starttime="20200819 15:52:58.380" endtime="20200819 15:52:58.382"></status>
</kw>
<kw name="${value} = &lt;Element 'URL' at 0x00000237A1A56EF0&gt;" type="foritem">
<kw name="Create Dictionary" library="BuiltIn">
<doc>Creates and returns a dictionary based on the given ``items``.</doc>
<arguments>
<arg>${value.tag}</arg>
<arg>${value.text}</arg>
</arguments>
<assign>
<var>${dict}</var>
</assign>
<msg timestamp="20200819 15:52:58.382" level="INFO">${dict} = {'URL': 'FINVIZ.com - Stock Screener'}</msg>
<status status="PASS" starttime="20200819 15:52:58.382" endtime="20200819 15:52:58.382"></status>
</kw>
<kw name="Get Dictionary Values" library="Collections">
<doc>Returns values of the given ``dictionary`` as a list.</doc>
<arguments>
<arg>${dict}</arg>
<arg>browser</arg>
</arguments>
<assign>
<var>${b}</var>
</assign>
<msg timestamp="20200819 15:52:58.383" level="INFO">${b} = ['FINVIZ.com - Stock Screener']</msg>
<status status="PASS" starttime="20200819 15:52:58.382" endtime="20200819 15:52:58.383"></status>
</kw>
<kw name="Log To Console" library="BuiltIn">
<doc>Logs the given message to the console.</doc>
<arguments>
<arg>${b}</arg>
</arguments>
<status status="PASS" starttime="20200819 15:52:58.383" endtime="20200819 15:52:58.384"></status>
</kw>
<status status="PASS" starttime="20200819 15:52:58.382" endtime="20200819 15:52:58.384"></status>
</kw>
<status status="PASS" starttime="20200819 15:52:58.374" endtime="20200819 15:52:58.384"></status>
</kw>
<status status="PASS" starttime="20200819 15:52:58.373" endtime="20200819 15:52:58.384"></status>
</kw>
<status status="PASS" starttime="20200819 15:52:58.373" endtime="20200819 15:52:58.384" critical="yes"></status>
</test>
<kw name="Log To Console" library="BuiltIn" type="teardown">
<doc>Logs the given message to the console.</doc>
<arguments>
<arg>Test done</arg>
</arguments>
<status status="PASS" starttime="20200819 15:52:58.385" endtime="20200819 15:52:58.385"></status>
</kw>
<status status="PASS" starttime="20200819 15:52:58.065" endtime="20200819 15:52:58.385"></status>
</suite>
<status status="PASS" starttime="20200819 15:52:58.062" endtime="20200819 15:52:58.387"></status>
</suite>
<status status="PASS" starttime="20200819 15:52:58.036" endtime="20200819 15:52:58.388"></status>
</suite>
<statistics>
<total>
<stat pass="1" fail="0">Critical Tests</stat>
<stat pass="1" fail="0">All Tests</stat>
</total>
<tag>
</tag>
<suite>
<stat pass="1" fail="0" id="s1" name="Robot-Framework-py3">Robot-Framework-py3</stat>
<stat pass="1" fail="0" id="s1-s1" name="testCases">Robot-Framework-py3.testCases</stat>
<stat pass="1" fail="0" id="s1-s1-s1" name="homeTest">Robot-Framework-py3.testCases.homeTest</stat>
</suite>
</statistics>
<errors>
</errors>
</robot>
