<?xml version="1.0" encoding="UTF-8"?>
<robot generator="Robot 3.2.2 (Python 3.8.6 on win32)" generated="20201224 08:12:32.653" rpa="false">
<suite id="s1" name="Custom Reader &amp; Custom Reader Local &amp; File Search Strategy None &amp; With Path And File">
<suite id="s1-s1" name="Custom Reader" source="C:\Users\bakul\OneDrive\Documents\GitHub\Robot-Framework-py3\robotframework\robotframework-datadriver\atest\TestCases\custom_reader\custom_reader.robot">
<test id="s1-s1-t1" name="test default">
<kw name="check vars">
<arguments>
<arg>1</arg>
<arg>2</arg>
</arguments>
<kw name="Should Be Equal" library="BuiltIn">
<doc>Fails if the given objects are unequal.</doc>
<arguments>
<arg>${var_1}</arg>
<arg>${var_2}</arg>
</arguments>
<msg timestamp="20201224 08:12:32.732" level="FAIL">1 != 2</msg>
<status status="FAIL" starttime="20201224 08:12:32.732" endtime="20201224 08:12:32.732"></status>
</kw>
<status status="FAIL" starttime="20201224 08:12:32.731" endtime="20201224 08:12:32.732"></status>
</kw>
<status status="FAIL" starttime="20201224 08:12:32.730" endtime="20201224 08:12:32.733" critical="yes">1 != 2</status>
</test>
<status status="FAIL" starttime="20201224 08:12:32.689" endtime="20201224 08:12:32.734"></status>
</suite>
<suite id="s1-s2" name="Custom Reader Local" source="C:\Users\bakul\OneDrive\Documents\GitHub\Robot-Framework-py3\robotframework\robotframework-datadriver\atest\TestCases\custom_reader\custom_reader_local.robot">
<test id="s1-s2-t1" name="test 0">
<kw name="check vars">
<arguments>
<arg>0</arg>
<arg>0</arg>
</arguments>
<kw name="Should Be Equal" library="BuiltIn">
<doc>Fails if the given objects are unequal.</doc>
<arguments>
<arg>${var_1}</arg>
<arg>${var_2}</arg>
</arguments>
<status status="PASS" starttime="20201224 08:12:32.779" endtime="20201224 08:12:32.779"></status>
</kw>
<status status="PASS" starttime="20201224 08:12:32.779" endtime="20201224 08:12:32.779"></status>
</kw>
<tags>
<tag>tag</tag>
</tags>
<status status="PASS" starttime="20201224 08:12:32.778" endtime="20201224 08:12:32.780" critical="yes"></status>
</test>
<test id="s1-s2-t2" name="test 1">
<kw name="check vars">
<arguments>
<arg>1</arg>
<arg>1</arg>
</arguments>
<kw name="Should Be Equal" library="BuiltIn">
<doc>Fails if the given objects are unequal.</doc>
<arguments>
<arg>${var_1}</arg>
<arg>${var_2}</arg>
</arguments>
<status status="PASS" starttime="20201224 08:12:32.782" endtime="20201224 08:12:32.782"></status>
</kw>
<status status="PASS" starttime="20201224 08:12:32.781" endtime="20201224 08:12:32.783"></status>
</kw>
<tags>
<tag>tag</tag>
</tags>
<status status="PASS" starttime="20201224 08:12:32.781" endtime="20201224 08:12:32.783" critical="yes"></status>
</test>
<test id="s1-s2-t3" name="test 2">
<kw name="check vars">
<arguments>
<arg>2</arg>
<arg>2</arg>
</arguments>
<kw name="Should Be Equal" library="BuiltIn">
<doc>Fails if the given objects are unequal.</doc>
<arguments>
<arg>${var_1}</arg>
<arg>${var_2}</arg>
</arguments>
<status status="PASS" starttime="20201224 08:12:32.786" endtime="20201224 08:12:32.786"></status>
</kw>
<status status="PASS" starttime="20201224 08:12:32.785" endtime="20201224 08:12:32.786"></status>
</kw>
<tags>
<tag>tag</tag>
</tags>
<status status="PASS" starttime="20201224 08:12:32.785" endtime="20201224 08:12:32.786" critical="yes"></status>
</test>
<test id="s1-s2-t4" name="test 3">
<kw name="check vars">
<arguments>
<arg>3</arg>
<arg>3</arg>
</arguments>
<kw name="Should Be Equal" library="BuiltIn">
<doc>Fails if the given objects are unequal.</doc>
<arguments>
<arg>${var_1}</arg>
<arg>${var_2}</arg>
</arguments>
<status status="PASS" starttime="20201224 08:12:32.787" endtime="20201224 08:12:32.788"></status>
</kw>
<status status="PASS" starttime="20201224 08:12:32.787" endtime="20201224 08:12:32.788"></status>
</kw>
<tags>
<tag>tag</tag>
</tags>
<status status="PASS" starttime="20201224 08:12:32.787" endtime="20201224 08:12:32.789" critical="yes"></status>
</test>
<test id="s1-s2-t5" name="test 4">
<kw name="check vars">
<arguments>
<arg>4</arg>
<arg>4</arg>
</arguments>
<kw name="Should Be Equal" library="BuiltIn">
<doc>Fails if the given objects are unequal.</doc>
<arguments>
<arg>${var_1}</arg>
<arg>${var_2}</arg>
</arguments>
<status status="PASS" starttime="20201224 08:12:32.790" endtime="20201224 08:12:32.791"></status>
</kw>
<status status="PASS" starttime="20201224 08:12:32.790" endtime="20201224 08:12:32.791"></status>
</kw>
<tags>
<tag>tag</tag>
</tags>
<status status="PASS" starttime="20201224 08:12:32.790" endtime="20201224 08:12:32.791" critical="yes"></status>
</test>
<test id="s1-s2-t6" name="test 5">
<kw name="check vars">
<arguments>
<arg>5</arg>
<arg>5</arg>
</arguments>
<kw name="Should Be Equal" library="BuiltIn">
<doc>Fails if the given objects are unequal.</doc>
<arguments>
<arg>${var_1}</arg>
<arg>${var_2}</arg>
</arguments>
<status status="PASS" starttime="20201224 08:12:32.793" endtime="20201224 08:12:32.793"></status>
</kw>
<status status="PASS" starttime="20201224 08:12:32.792" endtime="20201224 08:12:32.793"></status>
</kw>
<tags>
<tag>tag</tag>
</tags>
<status status="PASS" starttime="20201224 08:12:32.792" endtime="20201224 08:12:32.793" critical="yes"></status>
</test>
<test id="s1-s2-t7" name="test 6">
<kw name="check vars">
<arguments>
<arg>6</arg>
<arg>6</arg>
</arguments>
<kw name="Should Be Equal" library="BuiltIn">
<doc>Fails if the given objects are unequal.</doc>
<arguments>
<arg>${var_1}</arg>
<arg>${var_2}</arg>
</arguments>
<status status="PASS" starttime="20201224 08:12:32.795" endtime="20201224 08:12:32.795"></status>
</kw>
<status status="PASS" starttime="20201224 08:12:32.795" endtime="20201224 08:12:32.795"></status>
</kw>
<tags>
<tag>tag</tag>
</tags>
<status status="PASS" starttime="20201224 08:12:32.794" endtime="20201224 08:12:32.796" critical="yes"></status>
</test>
<test id="s1-s2-t8" name="test 7">
<kw name="check vars">
<arguments>
<arg>7</arg>
<arg>7</arg>
</arguments>
<kw name="Should Be Equal" library="BuiltIn">
<doc>Fails if the given objects are unequal.</doc>
<arguments>
<arg>${var_1}</arg>
<arg>${var_2}</arg>
</arguments>
<status status="PASS" starttime="20201224 08:12:32.797" endtime="20201224 08:12:32.797"></status>
</kw>
<status status="PASS" starttime="20201224 08:12:32.796" endtime="20201224 08:12:32.797"></status>
</kw>
<tags>
<tag>tag</tag>
</tags>
<status status="PASS" starttime="20201224 08:12:32.796" endtime="20201224 08:12:32.798" critical="yes"></status>
</test>
<test id="s1-s2-t9" name="test 8">
<kw name="check vars">
<arguments>
<arg>8</arg>
<arg>8</arg>
</arguments>
<kw name="Should Be Equal" library="BuiltIn">
<doc>Fails if the given objects are unequal.</doc>
<arguments>
<arg>${var_1}</arg>
<arg>${var_2}</arg>
</arguments>
<status status="PASS" starttime="20201224 08:12:32.799" endtime="20201224 08:12:32.799"></status>
</kw>
<status status="PASS" starttime="20201224 08:12:32.799" endtime="20201224 08:12:32.799"></status>
</kw>
<tags>
<tag>tag</tag>
</tags>
<status status="PASS" starttime="20201224 08:12:32.798" endtime="20201224 08:12:32.800" critical="yes"></status>
</test>
<test id="s1-s2-t10" name="test 9">
<kw name="check vars">
<arguments>
<arg>9</arg>
<arg>9</arg>
</arguments>
<kw name="Should Be Equal" library="BuiltIn">
<doc>Fails if the given objects are unequal.</doc>
<arguments>
<arg>${var_1}</arg>
<arg>${var_2}</arg>
</arguments>
<status status="PASS" starttime="20201224 08:12:32.801" endtime="20201224 08:12:32.801"></status>
</kw>
<status status="PASS" starttime="20201224 08:12:32.801" endtime="20201224 08:12:32.801"></status>
</kw>
<tags>
<tag>tag</tag>
</tags>
<status status="PASS" starttime="20201224 08:12:32.800" endtime="20201224 08:12:32.803" critical="yes"></status>
</test>
<test id="s1-s2-t11" name="test 10">
<kw name="check vars">
<arguments>
<arg>10</arg>
<arg>10</arg>
</arguments>
<kw name="Should Be Equal" library="BuiltIn">
<doc>Fails if the given objects are unequal.</doc>
<arguments>
<arg>${var_1}</arg>
<arg>${var_2}</arg>
</arguments>
<status status="PASS" starttime="20201224 08:12:32.804" endtime="20201224 08:12:32.805"></status>
</kw>
<status status="PASS" starttime="20201224 08:12:32.804" endtime="20201224 08:12:32.805"></status>
</kw>
<tags>
<tag>tag</tag>
</tags>
<status status="PASS" starttime="20201224 08:12:32.804" endtime="20201224 08:12:32.805" critical="yes"></status>
</test>
<test id="s1-s2-t12" name="test 11">
<kw name="check vars">
<arguments>
<arg>11</arg>
<arg>11</arg>
</arguments>
<kw name="Should Be Equal" library="BuiltIn">
<doc>Fails if the given objects are unequal.</doc>
<arguments>
<arg>${var_1}</arg>
<arg>${var_2}</arg>
</arguments>
<status status="PASS" starttime="20201224 08:12:32.807" endtime="20201224 08:12:32.807"></status>
</kw>
<status status="PASS" starttime="20201224 08:12:32.807" endtime="20201224 08:12:32.807"></status>
</kw>
<tags>
<tag>tag</tag>
</tags>
<status status="PASS" starttime="20201224 08:12:32.806" endtime="20201224 08:12:32.808" critical="yes"></status>
</test>
<test id="s1-s2-t13" name="test 12">
<kw name="check vars">
<arguments>
<arg>12</arg>
<arg>12</arg>
</arguments>
<kw name="Should Be Equal" library="BuiltIn">
<doc>Fails if the given objects are unequal.</doc>
<arguments>
<arg>${var_1}</arg>
<arg>${var_2}</arg>
</arguments>
<status status="PASS" starttime="20201224 08:12:32.809" endtime="20201224 08:12:32.809"></status>
</kw>
<status status="PASS" starttime="20201224 08:12:32.809" endtime="20201224 08:12:32.810"></status>
</kw>
<tags>
<tag>tag</tag>
</tags>
<status status="PASS" starttime="20201224 08:12:32.808" endtime="20201224 08:12:32.810" critical="yes"></status>
</test>
<test id="s1-s2-t14" name="test 13">
<kw name="check vars">
<arguments>
<arg>13</arg>
<arg>13</arg>
</arguments>
<kw name="Should Be Equal" library="BuiltIn">
<doc>Fails if the given objects are unequal.</doc>
<arguments>
<arg>${var_1}</arg>
<arg>${var_2}</arg>
</arguments>
<status status="PASS" starttime="20201224 08:12:32.811" endtime="20201224 08:12:32.812"></status>
</kw>
<status status="PASS" starttime="20201224 08:12:32.811" endtime="20201224 08:12:32.812"></status>
</kw>
<tags>
<tag>tag</tag>
</tags>
<status status="PASS" starttime="20201224 08:12:32.811" endtime="20201224 08:12:32.813" critical="yes"></status>
</test>
<test id="s1-s2-t15" name="test 14">
<kw name="check vars">
<arguments>
<arg>14</arg>
<arg>14</arg>
</arguments>
<kw name="Should Be Equal" library="BuiltIn">
<doc>Fails if the given objects are unequal.</doc>
<arguments>
<arg>${var_1}</arg>
<arg>${var_2}</arg>
</arguments>
<status status="PASS" starttime="20201224 08:12:32.814" endtime="20201224 08:12:32.814"></status>
</kw>
<status status="PASS" starttime="20201224 08:12:32.814" endtime="20201224 08:12:32.814"></status>
</kw>
<tags>
<tag>tag</tag>
</tags>
<status status="PASS" starttime="20201224 08:12:32.813" endtime="20201224 08:12:32.814" critical="yes"></status>
</test>
<test id="s1-s2-t16" name="test 15">
<kw name="check vars">
<arguments>
<arg>15</arg>
<arg>15</arg>
</arguments>
<kw name="Should Be Equal" library="BuiltIn">
<doc>Fails if the given objects are unequal.</doc>
<arguments>
<arg>${var_1}</arg>
<arg>${var_2}</arg>
</arguments>
<status status="PASS" starttime="20201224 08:12:32.816" endtime="20201224 08:12:32.816"></status>
</kw>
<status status="PASS" starttime="20201224 08:12:32.816" endtime="20201224 08:12:32.816"></status>
</kw>
<tags>
<tag>tag</tag>
</tags>
<status status="PASS" starttime="20201224 08:12:32.814" endtime="20201224 08:12:32.818" critical="yes"></status>
</test>
<test id="s1-s2-t17" name="test 16">
<kw name="check vars">
<arguments>
<arg>16</arg>
<arg>16</arg>
</arguments>
<kw name="Should Be Equal" library="BuiltIn">
<doc>Fails if the given objects are unequal.</doc>
<arguments>
<arg>${var_1}</arg>
<arg>${var_2}</arg>
</arguments>
<status status="PASS" starttime="20201224 08:12:32.819" endtime="20201224 08:12:32.819"></status>
</kw>
<status status="PASS" starttime="20201224 08:12:32.819" endtime="20201224 08:12:32.819"></status>
</kw>
<tags>
<tag>tag</tag>
</tags>
<status status="PASS" starttime="20201224 08:12:32.818" endtime="20201224 08:12:32.819" critical="yes"></status>
</test>
<status status="PASS" starttime="20201224 08:12:32.735" endtime="20201224 08:12:32.819"></status>
</suite>
<suite id="s1-s3" name="File Search Strategy None" source="C:\Users\bakul\OneDrive\Documents\GitHub\Robot-Framework-py3\robotframework\robotframework-datadriver\atest\TestCases\custom_reader\file_search_strategy_none.robot">
<test id="s1-s3-t1" name="test default">
<kw name="check vars">
<arguments>
<arg>1</arg>
<arg>2</arg>
</arguments>
<kw name="Should Be Equal" library="BuiltIn">
<doc>Fails if the given objects are unequal.</doc>
<arguments>
<arg>${var_1}</arg>
<arg>${var_2}</arg>
</arguments>
<msg timestamp="20201224 08:12:32.836" level="FAIL">1 != 2</msg>
<status status="FAIL" starttime="20201224 08:12:32.836" endtime="20201224 08:12:32.836"></status>
</kw>
<status status="FAIL" starttime="20201224 08:12:32.835" endtime="20201224 08:12:32.836"></status>
</kw>
<status status="FAIL" starttime="20201224 08:12:32.835" endtime="20201224 08:12:32.837" critical="yes">1 != 2</status>
</test>
<doc>Check for backwards compatibility since first release required
file_search_strategy to be None to prevent an exception on init</doc>
<status status="FAIL" starttime="20201224 08:12:32.821" endtime="20201224 08:12:32.838"></status>
</suite>
<suite id="s1-s4" name="With Path And File" source="C:\Users\bakul\OneDrive\Documents\GitHub\Robot-Framework-py3\robotframework\robotframework-datadriver\atest\TestCases\custom_reader\with_path_and_file.robot">
<test id="s1-s4-t1" name="test default">
<kw name="check vars">
<arguments>
<arg>1</arg>
<arg>2</arg>
</arguments>
<kw name="Should Be Equal" library="BuiltIn">
<doc>Fails if the given objects are unequal.</doc>
<arguments>
<arg>${var_1}</arg>
<arg>${var_2}</arg>
</arguments>
<msg timestamp="20201224 08:12:32.854" level="FAIL">1 != 2</msg>
<status status="FAIL" starttime="20201224 08:12:32.854" endtime="20201224 08:12:32.854"></status>
</kw>
<status status="FAIL" starttime="20201224 08:12:32.854" endtime="20201224 08:12:32.855"></status>
</kw>
<status status="FAIL" starttime="20201224 08:12:32.853" endtime="20201224 08:12:32.855" critical="yes">1 != 2</status>
</test>
<doc>Validate that file is handed if both reader_class and file are
specified</doc>
<status status="FAIL" starttime="20201224 08:12:32.840" endtime="20201224 08:12:32.856"></status>
</suite>
<status status="FAIL" starttime="20201224 08:12:32.656" endtime="20201224 08:12:32.858"></status>
</suite>
<statistics>
<total>
<stat pass="17" fail="3">Critical Tests</stat>
<stat pass="17" fail="3">All Tests</stat>
</total>
<tag>
<stat pass="17" fail="0">tag</stat>
</tag>
<suite>
<stat pass="17" fail="3" id="s1" name="Custom Reader &amp; Custom Reader Local &amp; File Search Strategy None &amp; With Path And File">Custom Reader &amp; Custom Reader Local &amp; File Search Strategy None &amp; With Path And File</stat>
<stat pass="0" fail="1" id="s1-s1" name="Custom Reader">Custom Reader &amp; Custom Reader Local &amp; File Search Strategy None &amp; With Path And File.Custom Reader</stat>
<stat pass="17" fail="0" id="s1-s2" name="Custom Reader Local">Custom Reader &amp; Custom Reader Local &amp; File Search Strategy None &amp; With Path And File.Custom Reader Local</stat>
<stat pass="0" fail="1" id="s1-s3" name="File Search Strategy None">Custom Reader &amp; Custom Reader Local &amp; File Search Strategy None &amp; With Path And File.File Search Strategy None</stat>
<stat pass="0" fail="1" id="s1-s4" name="With Path And File">Custom Reader &amp; Custom Reader Local &amp; File Search Strategy None &amp; With Path And File.With Path And File</stat>
</suite>
</statistics>
<errors>
<msg timestamp="20201224 08:12:32.725" level="ERROR">Calling method '_start_suite' of listener 'DataDriver' failed: ModuleNotFoundError: No module named 'DataDriver.TestCases/custom_reader/custom_reader'</msg>
<msg timestamp="20201224 08:12:32.832" level="ERROR">Calling method '_start_suite' of listener 'DataDriver' failed: ModuleNotFoundError: No module named 'DataDriver.TestCases/custom_reader/custom_reader'</msg>
<msg timestamp="20201224 08:12:32.849" level="ERROR">Calling method '_start_suite' of listener 'DataDriver' failed: ModuleNotFoundError: No module named 'DataDriver.TestCases/custom_reader/custom_reader'</msg>
</errors>
</robot>
